{"name": "Проверка принятия заказа без id курьера", "status": "failed", "statusDetails": {"message": "AssertionError: 400 and {'code': 400, 'message': 'Недостаточно данных для поиска'}\nassert (400 == 400 and {'code': 400,...х для поиска'} == {'message': '...х для поиска'}\n  Omitting 1 identical items, use -vv to show\n  Left contains 1 more item:\n  {'code': 400}\n  Use -v to get more diff)", "trace": "self = <test_order.test_accept_order.TestAcceptOrder object at 0x10e486550>, order_id = 253088\n\n    @allure.title('Проверка принятия заказа без id курьера')\n    @allure.description('BUG: Тело ответа не совпадают с документацией')\n    def test_accept_order_without_login_id(self, order_id):\n        self.accept_order.put_request_without_login_id(order_id)\n        response_status_code = self.accept_order.check_response_status_code()\n        response_text = self.accept_order.check_response_text()\n        ErrorSchema.parse_obj(response_text)\n>       assert response_status_code == 400 and response_text == {\n            \"message\":  \"Недостаточно данных для поиска\"}, f'{response_status_code} and {response_text}'\nE       AssertionError: 400 and {'code': 400, 'message': 'Недостаточно данных для поиска'}\nE       assert (400 == 400 and {'code': 400,...х для поиска'} == {'message': '...х для поиска'}\nE         Omitting 1 identical items, use -vv to show\nE         Left contains 1 more item:\nE         {'code': 400}\nE         Use -v to get more diff)\n\ntests/test_order/test_accept_order.py:42: AssertionError"}, "description": "BUG: Тело ответа не совпадают с документацией", "steps": [{"name": "Принимаем заказ без id курьера", "status": "passed", "parameters": [{"name": "order_id", "value": "253088"}], "start": 1710008551994, "stop": 1710008552181}, {"name": "Получаем статус код", "status": "passed", "start": 1710008552181, "stop": 1710008552181}, {"name": "Получаем содержимое ответа", "status": "passed", "start": 1710008552181, "stop": 1710008552181}], "start": 1710008551993, "stop": 1710008552182, "uuid": "cb548b2a-2684-43aa-acb0-879833fae146", "historyId": "d3e5cc27df1f230941179519f9a1a655", "testCaseId": "d3e5cc27df1f230941179519f9a1a655", "fullName": "tests.test_order.test_accept_order.TestAcceptOrder#test_accept_order_without_login_id", "labels": [{"name": "parentSuite", "value": "tests.test_order"}, {"name": "suite", "value": "test_accept_order"}, {"name": "subSuite", "value": "TestAcceptOrder"}, {"name": "host", "value": "MBP-MacbookPro"}, {"name": "thread", "value": "5607-MainThread"}, {"name": "framework", "value": "pytest"}, {"name": "language", "value": "cpython3"}, {"name": "package", "value": "tests.test_order.test_accept_order"}]}